PC
10
True
True





#FF000000
Rook
0
1
1





#FF000000
Queen
0
3
0





#FF000000
Rook
0
5
0
#FF000000
King
0
6
1





#FF000000
Pawn
1
0
0
False
0










#FF000000
Pawn
1
3
0
False
0
#FF000000
Bishop
1
4
1
#FF000000
Pawn
1
5
0
False
0
#FF000000
Pawn
1
6
0
False
0
#FF000000
Pawn
1
7
0
False
0
#FF000000
Bishop
2
0
1















#FF000000
Pawn
2
4
1
False
0
#FF000000
Knight
2
5
1




















#FF000000
Pawn
3
2
2
False
0



































#FFFFFFFF
Pawn
4
2
1
False
5






























#FFFFFFFF
Pawn
5
1
1
False
0
#FFFFFFFF
Knight
5
2
1
#FFFFFFFF
Queen
5
3
2
#FFFFFFFF
Pawn
5
4
1
False
0
#FFFFFFFF
Knight
5
5
1










#FFFFFFFF
Pawn
6
0
0
False
0
#FFFFFFFF
Bishop
6
1
1















#FFFFFFFF
Pawn
6
5
0
False
0
#FFFFFFFF
Pawn
6
6
0
False
0
#FFFFFFFF
Pawn
6
7
0
False
0
#FFFFFFFF
Rook
7
0
0




















#FFFFFFFF
Rook
7
5
0
#FFFFFFFF
King
7
6
1





01.01.1970 0:26:48
01.01.1970 0:30:00
b2b3
e7e6
Bc1Bb2
Ng8Nf6
c2c4
Bf8Be7
e2e3
c7c5
Ng1Nf3
Ke8-Kg8
d2d4
Nb8Na6
Bf1Bd3
b7b6
d4xc5
b6xc5
Ke1-Kg1
Na6Nb4
Nb1Nc3
Ra8Rb8
Qd1Qe2
Nb4xNd3
Qe2xQd3
Bc8Ba6

file:///C:/Users/19et7/Desktop/Chess_29/Chess/bin/Debug/net6.0-windows/Sprites/chesscom/wP.png
file:///C:/Users/19et7/Desktop/Chess_29/Chess/bin/Debug/net6.0-windows/Sprites/chesscom/wB.png

file:///C:/Users/19et7/Desktop/Chess_29/Chess/bin/Debug/net6.0-windows/Sprites/chesscom/bP.png
file:///C:/Users/19et7/Desktop/Chess_29/Chess/bin/Debug/net6.0-windows/Sprites/chesscom/bN.png
