make all --print-data-base --no-builtin-variables --no-builtin-rules --question
make: *** No rule to make target 'all'.  Stop.

# GNU Make 4.3
# Built for x86_64-pc-linux-gnu
# Copyright (C) 1988-2020 Free Software Foundation, Inc.
# License GPLv3+: GNU GPL version 3 or later <http://gnu.org/licenses/gpl.html>
# This is free software: you are free to change and redistribute it.
# There is NO WARRANTY, to the extent permitted by law.

# Make data base, printed on Fri May 27 10:52:11 2022

# Variables

# environment
GDK_BACKEND = x11
# environment
LC_ALL = C
# environment
NO_AT_BRIDGE = 1
# environment
GTK_RC_FILES = /etc/gtk/gtkrc:/home/omon/.gtkrc:/home/omon/.config/gtkrc
# environment
VSCODE_IPC_HOOK_EXTHOST = /run/user/1000/vscode-ipc-eab07e1a-760d-4ab7-85ff-bd579ffbe607.sock
# environment
LC_NAME = ru_RU.UTF-8
# environment
LC_NUMERIC = ru_RU.UTF-8
# environment
VSCODE_CWD = /home/omon
# environment
LC_ADDRESS = ru_RU.UTF-8
# default
MAKE_COMMAND := make
# environment
GTK3_MODULES = xapp-gtk3-module
# automatic
@D = $(patsubst %/,%,$(dir $@))
# environment
VSCODE_HANDLES_UNCAUGHT_ERRORS = true
# default
.VARIABLES := 
# environment
PWD = /home/omon/ITStep_PD111
# automatic
%D = $(patsubst %/,%,$(dir $%))
# environment
MAIL = /var/spool/mail/omon
# environment
XDG_DATA_DIRS = /home/omon/.local/share/flatpak/exports/share:/var/lib/flatpak/exports/share:/usr/local/share:/usr/share:/var/lib/snapd/desktop
# automatic
^D = $(patsubst %/,%,$(dir $^))
# environment
VSCODE_LOG_STACK = false
# automatic
%F = $(notdir $%)
# environment
VSCODE_CODE_CACHE_PATH = /home/omon/.config/Code - OSS/CachedData/57fd6d0195bb9b9d1b49f6da5db789060795de47
# environment
XDG_SESSION_PATH = /org/freedesktop/DisplayManager/Session1
# environment
LANG = C
# environment
XAUTHORITY = /home/omon/.Xauthority
# default
.LOADED := 
# default
.INCLUDE_DIRS = /usr/include /usr/local/include /usr/include
# makefile
MAKEFLAGS = pqrR
# makefile
CURDIR := /home/omon/ITStep_PD111
# environment
VSCODE_PIPE_LOGGING = true
# environment
APPLICATION_INSIGHTS_NO_DIAGNOSTIC_CHANNEL = true
# automatic
*D = $(patsubst %/,%,$(dir $*))
# environment
PAM_KWALLET5_LOGIN = /run/user/1000/kwallet5.socket
# environment
MFLAGS = -pqrR
# default
.SHELLFLAGS := -c
# environment
QT_LINUX_ACCESSIBILITY_ALWAYS_ON = 1
# environment
XDG_CONFIG_DIRS = /home/omon/.config/kdedefaults:/etc/xdg
# automatic
+D = $(patsubst %/,%,$(dir $+))
# environment
XCURSOR_THEME = breeze_cursors
# environment
XDG_SESSION_DESKTOP = KDE
# makefile
MAKEFILE_LIST := 
# automatic
@F = $(notdir $@)
# environment
VSCODE_VERBOSE_LOGGING = true
# environment
VSCODE_PID = 2226
# environment
XDG_SESSION_TYPE = x11
# automatic
?D = $(patsubst %/,%,$(dir $?))
# environment
SESSION_MANAGER = local/omon-pc:@/tmp/.ICE-unix/1151,unix/omon-pc:/tmp/.ICE-unix/1151
# automatic
*F = $(notdir $*)
# environment
CHROME_DESKTOP = code-oss.desktop
# environment
DBUS_SESSION_BUS_ADDRESS = unix:path=/run/user/1000/bus
# automatic
<D = $(patsubst %/,%,$(dir $<))
# environment
VSCODE_NLS_CONFIG = {"locale":"ru","availableLanguages":{"*":"ru"},"_languagePackId":"6c87e287770fa80b3245e0a037b935fb.ru","_translationsConfigFile":"/home/omon/.config/Code - OSS/clp/6c87e287770fa80b3245e0a037b935fb.ru/tcf.json","_cacheRoot":"/home/omon/.config/Code - OSS/clp/6c87e287770fa80b3245e0a037b935fb.ru","_resolvedLanguagePackCoreLocation":"/home/omon/.config/Code - OSS/clp/6c87e287770fa80b3245e0a037b935fb.ru/57fd6d0195bb9b9d1b49f6da5db789060795de47","_corruptedFile":"/home/omon/.config/Code - OSS/clp/6c87e287770fa80b3245e0a037b935fb.ru/corrupted.info","_languagePackSupport":true}
# default
MAKE_HOST := x86_64-pc-linux-gnu
# makefile
SHELL = /bin/sh
# default
MAKECMDGOALS := all
# environment
SHLVL = 0
# environment
MAKELEVEL := 0
# default
MAKE = $(MAKE_COMMAND)
# environment
PATH = /home/omon/.local/bin:/usr/local/sbin:/usr/local/bin:/usr/bin:/usr/bin/site_perl:/usr/bin/vendor_perl:/usr/bin/core_perl:/var/lib/snapd/snap/bin
# default
MAKEFILES := 
# environment
LANGUAGE = 
# environment
LC_MONETARY = ru_RU.UTF-8
# environment
MOTD_SHOWN = pam
# automatic
^F = $(notdir $^)
# environment
LC_TIME = ru_RU.UTF-8
# environment
VSCODE_LOG_NATIVE = false
# environment
LC_TELEPHONE = ru_RU.UTF-8
# automatic
?F = $(notdir $?)
# environment
KDE_APPLICATIONS_AS_SCOPE = 1
# environment
XDG_SEAT = seat0
# environment
XDG_CURRENT_DESKTOP = KDE
# automatic
+F = $(notdir $+)
# environment
XDG_SEAT_PATH = /org/freedesktop/DisplayManager/Seat0
# environment
DESKTOP_SESSION = plasma
# environment
ORIGINAL_XDG_CURRENT_DESKTOP = KDE
# 'override' directive
GNUMAKEFLAGS := 
# environment
LOGNAME = omon
# environment
XDG_VTNR = 1
# makefile
.DEFAULT_GOAL := 
# environment
SYSTEMD_EXEC_PID = 1041
# environment
DISPLAY = :0
# environment
GTK_MODULES = canberra-gtk-module
# environment
USER = omon
# default
MAKE_VERSION := 4.3
# environment
KDE_SESSION_UID = 1000
# environment
LC_MEASUREMENT = ru_RU.UTF-8
# environment
_ = /usr/bin/make
# environment
LC_PAPER = ru_RU.UTF-8
# environment
XDG_RUNTIME_DIR = /run/user/1000
# environment
XDG_SESSION_CLASS = user
# environment
VSCODE_AMD_ENTRYPOINT = vs/workbench/api/node/extensionHostProcess
# environment
GTK2_RC_FILES = /etc/gtk-2.0/gtkrc:/home/omon/.gtkrc-2.0:/home/omon/.config/gtkrc-2.0
# environment
HOME = /home/omon
# environment
ELECTRON_RUN_AS_NODE = 1
# environment
VSCODE_IPC_HOOK = /run/user/1000/vscode-0fcb05f2-1.67.0-main.sock
# environment
XDG_SESSION_ID = 2
# environment
XCURSOR_SIZE = 24
# default
.RECIPEPREFIX := 
# automatic
<F = $(notdir $<)
# default
SUFFIXES := 
# environment
QT_AUTO_SCREEN_SCALE_FACTOR = 0
# environment
VSCODE_CLI = 1
# environment
ELECTRON_NO_ATTACH_CONSOLE = 1
# environment
KDE_SESSION_VERSION = 5
# default
.FEATURES := target-specific order-only second-expansion else-if shortest-stem undefine oneshell nocomment grouped-target extra-prereqs archives jobserver output-sync check-symlink guile load
# environment
KDE_FULL_SESSION = true
# environment
LC_IDENTIFICATION = ru_RU.UTF-8
# variable set hash-table stats:
# Load=107/1024=10%, Rehash=0, Collisions=5/134=4%

# Pattern-specific Variable Values

# No pattern-specific variable values.

# Directories

# . (device 66312, inode 6560855): 8 files, no impossibilities.

# 8 files, no impossibilities in 1 directories.

# Implicit Rules

# No implicit rules.

# Files

# Not a target:
Makefile:
#  Implicit rule search has been done.
#  File does not exist.
#  File has been updated.
#  Failed to be updated.

# Not a target:
.DEFAULT:
#  Implicit rule search has not been done.
#  Modification time never checked.
#  File has not been updated.

# Not a target:
all:
#  Command line target.
#  Implicit rule search has been done.
#  File does not exist.
#  File has not been updated.

# Not a target:
makefile:
#  Implicit rule search has been done.
#  File does not exist.
#  File has been updated.
#  Failed to be updated.

# Not a target:
GNUmakefile:
#  Implicit rule search has been done.
#  File does not exist.
#  File has been updated.
#  Failed to be updated.

# files hash-table stats:
# Load=6/1024=1%, Rehash=0, Collisions=0/15=0%
# VPATH Search Paths

# No 'vpath' search paths.

# No general ('VPATH' variable) search path.

# strcache buffers: 1 (0) / strings = 16 / storage = 194 B / avg = 12 B
# current buf: size = 8162 B / used = 194 B / count = 16 / avg = 12 B

# strcache performance: lookups = 19 / hit rate = 15%
# hash-table stats:
# Load=16/8192=0%, Rehash=0, Collisions=0/19=0%
# Finished Make data base on Fri May 27 10:52:11 2022

 
